# JRE version: OpenJDK Runtime Environment Temurin-21.0.9+10 (21.0.9+10) (build 21.0.9+10-LTS)
# Java VM: OpenJDK 64-Bit Server VM Temurin-21.0.9+10 (21.0.9+10-LTS, mixed mode, sharing, tiered, compressed oops, compressed class ptrs, parallel gc, windows-amd64)
GC Precious Log:
 CardTable entry size: 512
 CPUs: 2 total, 2 available
 Memory: 3526M
 Large Page Support: Disabled
 NUMA Support: Disabled
 Compressed Oops: Enabled (32-bit)
 Alignments: Space 512K, Generation 512K, Heap 2M
 Heap Min Capacity: 100M
 Heap Initial Capacity: 100M
 Heap Max Capacity: 2G
 Pre-touch: Disabled
 Parallel Workers: 2
Heap:
 PSYoungGen      total 16384K, used 8886K [0x00000000d5580000, 0x00000000d6880000, 0x0000000100000000)
  eden space 14848K, 55% used [0x00000000d5580000,0x00000000d5d959b0,0x00000000d6400000)
  from space 1536K, 39% used [0x00000000d6580000,0x00000000d6618010,0x00000000d6700000)
  to   space 1024K, 0% used [0x00000000d6780000,0x00000000d6780000,0x00000000d6880000)
 ParOldGen       total 141824K, used 141615K [0x0000000080000000, 0x0000000088a80000, 0x00000000d5580000)
  object space 141824K, 99% used [0x0000000080000000,0x0000000088a4be88,0x0000000088a80000)
 Metaspace       used 57991K, committed 59264K, reserved 1114112K
  class space    used 6347K, committed 6912K, reserved 1048576K
GC Heap History (20 events):
Event: 221.771 GC heap before
{Heap before GC invocations=169 (full 3):
 PSYoungGen      total 20992K, used 20972K [0x00000000d5580000, 0x00000000d7080000, 0x0000000100000000)
  eden space 19456K, 100% used [0x00000000d5580000,0x00000000d6880000,0x00000000d6880000)
  from space 1536K, 98% used [0x00000000d6880000,0x00000000d69fb008,0x00000000d6a00000)
  to   space 4096K, 0% used [0x00000000d6c80000,0x00000000d6c80000,0x00000000d7080000)
 ParOldGen       total 117760K, used 117589K [0x0000000080000000, 0x0000000087300000, 0x00000000d5580000)
  object space 117760K, 99% used [0x0000000080000000,0x00000000872d5778,0x0000000087300000)
 Metaspace       used 54380K, committed 55680K, reserved 1114112K
  class space    used 5944K, committed 6528K, reserved 1048576K
}
Event: 221.779 GC heap after
{Heap after GC invocations=169 (full 3):
 PSYoungGen      total 21504K, used 1984K [0x00000000d5580000, 0x00000000d6e80000, 0x0000000100000000)
  eden space 19456K, 0% used [0x00000000d5580000,0x00000000d5580000,0x00000000d6880000)
  from space 2048K, 96% used [0x00000000d6c80000,0x00000000d6e70000,0x00000000d6e80000)
  to   space 2560K, 0% used [0x00000000d6980000,0x00000000d6980000,0x00000000d6c00000)
 ParOldGen       total 119296K, used 118985K [0x0000000080000000, 0x0000000087480000, 0x00000000d5580000)
  object space 119296K, 99% used [0x0000000080000000,0x0000000087432780,0x0000000087480000)
 Metaspace       used 54380K, committed 55680K, reserved 1114112K
  class space    used 5944K, committed 6528K, reserved 1048576K
}
Event: 222.253 GC heap before
{Heap before GC invocations=170 (full 3):
 PSYoungGen      total 21504K, used 21440K [0x00000000d5580000, 0x00000000d6e80000, 0x0000000100000000)
  eden space 19456K, 100% used [0x00000000d5580000,0x00000000d6880000,0x00000000d6880000)
  from space 2048K, 96% used [0x00000000d6c80000,0x00000000d6e70000,0x00000000d6e80000)
  to   space 2560K, 0% used [0x00000000d6980000,0x00000000d6980000,0x00000000d6c00000)
 ParOldGen       total 119296K, used 118985K [0x0000000080000000, 0x0000000087480000, 0x00000000d5580000)
  object space 119296K, 99% used [0x0000000080000000,0x0000000087432780,0x0000000087480000)
 Metaspace       used 54381K, committed 55680K, reserved 1114112K
  class space    used 5944K, committed 6528K, reserved 1048576K
}
Event: 222.267 GC heap after
{Heap after GC invocations=170 (full 3):
 PSYoungGen      total 22016K, used 2136K [0x00000000d5580000, 0x00000000d6d80000, 0x0000000100000000)
  eden space 19456K, 0% used [0x00000000d5580000,0x00000000d5580000,0x00000000d6880000)
  from space 2560K, 83% used [0x00000000d6980000,0x00000000d6b96008,0x00000000d6c00000)
  to   space 1536K, 0% used [0x00000000d6c00000,0x00000000d6c00000,0x00000000d6d80000)
 ParOldGen       total 121344K, used 120841K [0x0000000080000000, 0x0000000087680000, 0x00000000d5580000)
  object space 121344K, 99% used [0x0000000080000000,0x0000000087602780,0x0000000087680000)
 Metaspace       used 54381K, committed 55680K, reserved 1114112K
  class space    used 5944K, committed 6528K, reserved 1048576K
}
Event: 227.455 GC heap before
{Heap before GC invocations=171 (full 3):
 PSYoungGen      total 22016K, used 21592K [0x00000000d5580000, 0x00000000d6d80000, 0x0000000100000000)
  eden space 19456K, 100% used [0x00000000d5580000,0x00000000d6880000,0x00000000d6880000)
  from space 2560K, 83% used [0x00000000d6980000,0x00000000d6b96008,0x00000000d6c00000)
  to   space 1536K, 0% used [0x00000000d6c00000,0x00000000d6c00000,0x00000000d6d80000)
 ParOldGen       total 121344K, used 120841K [0x0000000080000000, 0x0000000087680000, 0x00000000d5580000)
  object space 121344K, 99% used [0x0000000080000000,0x0000000087602780,0x0000000087680000)
 Metaspace       used 54382K, committed 55680K, reserved 1114112K
  class space    used 5944K, committed 6528K, reserved 1048576K
}
Event: 227.469 GC heap after
{Heap after GC invocations=171 (full 3):
 PSYoungGen      total 19968K, used 1536K [0x00000000d5580000, 0x00000000d7180000, 0x0000000100000000)
  eden space 18432K, 0% used [0x00000000d5580000,0x00000000d5580000,0x00000000d6780000)
  from space 1536K, 100% used [0x00000000d6c00000,0x00000000d6d80000,0x00000000d6d80000)
  to   space 4608K, 0% used [0x00000000d6780000,0x00000000d6780000,0x00000000d6c00000)
 ParOldGen       total 123392K, used 123212K [0x0000000080000000, 0x0000000087880000, 0x00000000d5580000)
  object space 123392K, 99% used [0x0000000080000000,0x00000000878531b8,0x0000000087880000)
 Metaspace       used 54382K, committed 55680K, reserved 1114112K
  class space    used 5944K, committed 6528K, reserved 1048576K
}
Event: 227.543 GC heap before
{Heap before GC invocations=172 (full 3):
 PSYoungGen      total 19968K, used 19968K [0x00000000d5580000, 0x00000000d7180000, 0x0000000100000000)
  eden space 18432K, 100% used [0x00000000d5580000,0x00000000d6780000,0x00000000d6780000)
  from space 1536K, 100% used [0x00000000d6c00000,0x00000000d6d80000,0x00000000d6d80000)
  to   space 4608K, 0% used [0x00000000d6780000,0x00000000d6780000,0x00000000d6c00000)
 ParOldGen       total 123392K, used 123212K [0x0000000080000000, 0x0000000087880000, 0x00000000d5580000)
  object space 123392K, 99% used [0x0000000080000000,0x00000000878531b8,0x0000000087880000)
 Metaspace       used 54382K, committed 55680K, reserved 1114112K
  class space    used 5944K, committed 6528K, reserved 1048576K
}
Event: 227.565 GC heap after
{Heap after GC invocations=172 (full 3):
 PSYoungGen      total 20992K, used 2380K [0x00000000d5580000, 0x00000000d6d80000, 0x0000000100000000)
  eden space 18432K, 0% used [0x00000000d5580000,0x00000000d5580000,0x00000000d6780000)
  from space 2560K, 92% used [0x00000000d6780000,0x00000000d69d3008,0x00000000d6a00000)
  to   space 3072K, 0% used [0x00000000d6a80000,0x00000000d6a80000,0x00000000d6d80000)
 ParOldGen       total 124928K, used 124684K [0x0000000080000000, 0x0000000087a00000, 0x00000000d5580000)
  object space 124928K, 99% used [0x0000000080000000,0x00000000879c31b8,0x0000000087a00000)
 Metaspace       used 54382K, committed 55680K, reserved 1114112K
  class space    used 5944K, committed 6528K, reserved 1048576K
}
Event: 229.879 GC heap before
{Heap before GC invocations=173 (full 3):
 PSYoungGen      total 20992K, used 20812K [0x00000000d5580000, 0x00000000d6d80000, 0x0000000100000000)
  eden space 18432K, 100% used [0x00000000d5580000,0x00000000d6780000,0x00000000d6780000)
  from space 2560K, 92% used [0x00000000d6780000,0x00000000d69d3008,0x00000000d6a00000)
  to   space 3072K, 0% used [0x00000000d6a80000,0x00000000d6a80000,0x00000000d6d80000)
 ParOldGen       total 124928K, used 124684K [0x0000000080000000, 0x0000000087a00000, 0x00000000d5580000)
  object space 124928K, 99% used [0x0000000080000000,0x00000000879c31b8,0x0000000087a00000)
 Metaspace       used 54417K, committed 55744K, reserved 1114112K
  class space    used 5948K, committed 6528K, reserved 1048576K
}
Event: 229.888 GC heap after
{Heap after GC invocations=173 (full 3):
 PSYoungGen      total 17920K, used 3071K [0x00000000d5580000, 0x00000000d7480000, 0x0000000100000000)
  eden space 14848K, 0% used [0x00000000d5580000,0x00000000d5580000,0x00000000d6400000)
  from space 3072K, 99% used [0x00000000d6a80000,0x00000000d6d7fee8,0x00000000d6d80000)
  to   space 6656K, 0% used [0x00000000d6400000,0x00000000d6400000,0x00000000d6a80000)
 ParOldGen       total 128000K, used 127527K [0x0000000080000000, 0x0000000087d00000, 0x00000000d5580000)
  object space 128000K, 99% used [0x0000000080000000,0x0000000087c89f40,0x0000000087d00000)
 Metaspace       used 54417K, committed 55744K, reserved 1114112K
  class space    used 5948K, committed 6528K, reserved 1048576K
}
Event: 230.438 GC heap before
{Heap before GC invocations=174 (full 3):
 PSYoungGen      total 17920K, used 17919K [0x00000000d5580000, 0x00000000d7480000, 0x0000000100000000)
  eden space 14848K, 100% used [0x00000000d5580000,0x00000000d6400000,0x00000000d6400000)
  from space 3072K, 99% used [0x00000000d6a80000,0x00000000d6d7fee8,0x00000000d6d80000)
  to   space 6656K, 0% used [0x00000000d6400000,0x00000000d6400000,0x00000000d6a80000)
 ParOldGen       total 128000K, used 127527K [0x0000000080000000, 0x0000000087d00000, 0x00000000d5580000)
  object space 128000K, 99% used [0x0000000080000000,0x0000000087c89f40,0x0000000087d00000)
 Metaspace       used 54435K, committed 55744K, reserved 1114112K
  class space    used 5948K, committed 6528K, reserved 1048576K
}
Event: 230.445 GC heap after
{Heap after GC invocations=174 (full 3):
 PSYoungGen      total 20992K, used 5731K [0x00000000d5580000, 0x00000000d7000000, 0x0000000100000000)
  eden space 14848K, 0% used [0x00000000d5580000,0x00000000d5580000,0x00000000d6400000)
  from space 6144K, 93% used [0x00000000d6400000,0x00000000d6998c20,0x00000000d6a00000)
  to   space 6144K, 0% used [0x00000000d6a00000,0x00000000d6a00000,0x00000000d7000000)
 ParOldGen       total 129536K, used 129039K [0x0000000080000000, 0x0000000087e80000, 0x00000000d5580000)
  object space 129536K, 99% used [0x0000000080000000,0x0000000087e03f40,0x0000000087e80000)
 Metaspace       used 54435K, committed 55744K, reserved 1114112K
  class space    used 5948K, committed 6528K, reserved 1048576K
}
Event: 231.061 GC heap before
{Heap before GC invocations=175 (full 3):
 PSYoungGen      total 20992K, used 20579K [0x00000000d5580000, 0x00000000d7000000, 0x0000000100000000)
  eden space 14848K, 100% used [0x00000000d5580000,0x00000000d6400000,0x00000000d6400000)
  from space 6144K, 93% used [0x00000000d6400000,0x00000000d6998c20,0x00000000d6a00000)
  to   space 6144K, 0% used [0x00000000d6a00000,0x00000000d6a00000,0x00000000d7000000)
 ParOldGen       total 129536K, used 129039K [0x0000000080000000, 0x0000000087e80000, 0x00000000d5580000)
  object space 129536K, 99% used [0x0000000080000000,0x0000000087e03f40,0x0000000087e80000)
 Metaspace       used 54445K, committed 55744K, reserved 1114112K
  class space    used 5948K, committed 6528K, reserved 1048576K
}
Event: 231.071 GC heap after
{Heap after GC invocations=175 (full 3):
 PSYoungGen      total 20992K, used 5740K [0x00000000d5580000, 0x00000000d7000000, 0x0000000100000000)
  eden space 14848K, 0% used [0x00000000d5580000,0x00000000d5580000,0x00000000d6400000)
  from space 6144K, 93% used [0x00000000d6a00000,0x00000000d6f9b188,0x00000000d7000000)
  to   space 6144K, 0% used [0x00000000d6400000,0x00000000d6400000,0x00000000d6a00000)
 ParOldGen       total 134656K, used 134284K [0x0000000080000000, 0x0000000088380000, 0x00000000d5580000)
  object space 134656K, 99% used [0x0000000080000000,0x0000000088323008,0x0000000088380000)
 Metaspace       used 54445K, committed 55744K, reserved 1114112K
  class space    used 5948K, committed 6528K, reserved 1048576K
}
Event: 234.433 GC heap before
{Heap before GC invocations=176 (full 3):
 PSYoungGen      total 20992K, used 20569K [0x00000000d5580000, 0x00000000d7000000, 0x0000000100000000)
  eden space 14848K, 99% used [0x00000000d5580000,0x00000000d63fb2c8,0x00000000d6400000)
  from space 6144K, 93% used [0x00000000d6a00000,0x00000000d6f9b188,0x00000000d7000000)
  to   space 6144K, 0% used [0x00000000d6400000,0x00000000d6400000,0x00000000d6a00000)
 ParOldGen       total 134656K, used 134284K [0x0000000080000000, 0x0000000088380000, 0x00000000d5580000)
  object space 134656K, 99% used [0x0000000080000000,0x0000000088323008,0x0000000088380000)
 Metaspace       used 55338K, committed 56576K, reserved 1114112K
  class space    used 6071K, committed 6592K, reserved 1048576K
}
Event: 234.446 GC heap after
{Heap after GC invocations=176 (full 3):
 PSYoungGen      total 17408K, used 2315K [0x00000000d5580000, 0x00000000d6c00000, 0x0000000100000000)
  eden space 14848K, 0% used [0x00000000d5580000,0x00000000d5580000,0x00000000d6400000)
  from space 2560K, 90% used [0x00000000d6400000,0x00000000d6642f48,0x00000000d6680000)
  to   space 4096K, 0% used [0x00000000d6800000,0x00000000d6800000,0x00000000d6c00000)
 ParOldGen       total 139776K, used 139721K [0x0000000080000000, 0x0000000088880000, 0x00000000d5580000)
  object space 139776K, 99% used [0x0000000080000000,0x00000000888726c0,0x0000000088880000)
 Metaspace       used 55338K, committed 56576K, reserved 1114112K
  class space    used 6071K, committed 6592K, reserved 1048576K
}
Event: 236.238 GC heap before
{Heap before GC invocations=177 (full 3):
 PSYoungGen      total 17408K, used 17163K [0x00000000d5580000, 0x00000000d6c00000, 0x0000000100000000)
  eden space 14848K, 100% used [0x00000000d5580000,0x00000000d6400000,0x00000000d6400000)
  from space 2560K, 90% used [0x00000000d6400000,0x00000000d6642f48,0x00000000d6680000)
  to   space 4096K, 0% used [0x00000000d6800000,0x00000000d6800000,0x00000000d6c00000)
 ParOldGen       total 139776K, used 139721K [0x0000000080000000, 0x0000000088880000, 0x00000000d5580000)
  object space 139776K, 99% used [0x0000000080000000,0x00000000888726c0,0x0000000088880000)
 Metaspace       used 55967K, committed 57152K, reserved 1114112K
  class space    used 6159K, committed 6656K, reserved 1048576K
}
Event: 236.242 GC heap after
{Heap after GC invocations=177 (full 3):
 PSYoungGen      total 15360K, used 379K [0x00000000d5580000, 0x00000000d6880000, 0x0000000100000000)
  eden space 14848K, 0% used [0x00000000d5580000,0x00000000d5580000,0x00000000d6400000)
  from space 512K, 74% used [0x00000000d6800000,0x00000000d685eee8,0x00000000d6880000)
  to   space 1536K, 0% used [0x00000000d6580000,0x00000000d6580000,0x00000000d6700000)
 ParOldGen       total 141824K, used 141607K [0x0000000080000000, 0x0000000088a80000, 0x00000000d5580000)
  object space 141824K, 99% used [0x0000000080000000,0x0000000088a49e88,0x0000000088a80000)
 Metaspace       used 55967K, committed 57152K, reserved 1114112K
  class space    used 6159K, committed 6656K, reserved 1048576K
}
Event: 238.425 GC heap before
{Heap before GC invocations=178 (full 3):
 PSYoungGen      total 15360K, used 15227K [0x00000000d5580000, 0x00000000d6880000, 0x0000000100000000)
  eden space 14848K, 100% used [0x00000000d5580000,0x00000000d6400000,0x00000000d6400000)
  from space 512K, 74% used [0x00000000d6800000,0x00000000d685eee8,0x00000000d6880000)
  to   space 1536K, 0% used [0x00000000d6580000,0x00000000d6580000,0x00000000d6700000)
 ParOldGen       total 141824K, used 141607K [0x0000000080000000, 0x0000000088a80000, 0x00000000d5580000)
  object space 141824K, 99% used [0x0000000080000000,0x0000000088a49e88,0x0000000088a80000)
 Metaspace       used 56718K, committed 57984K, reserved 1114112K
  class space    used 6238K, committed 6784K, reserved 1048576K
}
Event: 238.432 GC heap after
{Heap after GC invocations=178 (full 3):
 PSYoungGen      total 16384K, used 608K [0x00000000d5580000, 0x00000000d6880000, 0x0000000100000000)
  eden space 14848K, 0% used [0x00000000d5580000,0x00000000d5580000,0x00000000d6400000)
  from space 1536K, 39% used [0x00000000d6580000,0x00000000d6618010,0x00000000d6700000)
  to   space 1024K, 0% used [0x00000000d6780000,0x00000000d6780000,0x00000000d6880000)
 ParOldGen       total 141824K, used 141615K [0x0000000080000000, 0x0000000088a80000, 0x00000000d5580000)
  object space 141824K, 99% used [0x0000000080000000,0x0000000088a4be88,0x0000000088a80000)
 Metaspace       used 56718K, committed 57984K, reserved 1114112K
  class space    used 6238K, committed 6784K, reserved 1048576K
}

