# JRE version: OpenJDK Runtime Environment (23.0.1+11) (build 23.0.1+11-39)
# Java VM: OpenJDK 64-Bit Server VM (23.0.1+11-39, mixed mode, sharing, tiered, compressed oops, compressed class ptrs, g1 gc, windows-amd64)
GC Precious Log:
 CardTable entry size: 512
 Card Set container configuration: InlinePtr #cards 5 size 8 Array Of Cards #cards 10 size 36 Howl #buckets 4 coarsen threshold 1843 Howl Bitmap #cards 512 size 80 coarsen threshold 460 Card regions per heap region 1 cards per card region 2048
 CPUs: 2 total, 2 available
 Memory: 3526M
 Large Page Support: Disabled
 NUMA Support: Disabled
 Compressed Oops: Enabled (32-bit)
 Heap Region Size: 1M
 Heap Min Capacity: 8M
 Heap Initial Capacity: 56M
 Heap Max Capacity: 882M
 Pre-touch: Disabled
 Parallel Workers: 2
 Concurrent Workers: 1
 Concurrent Refinement Workers: 2
 Periodic GC: Disabled
Heap:
 garbage-first heap   total reserved 903168K, committed 57344K, used 28653K [0x00000000c8e00000, 0x0000000100000000)
  region size 1024K, 21 young (21504K), 3 survivors (3072K)
 Metaspace       used 19901K, committed 20224K, reserved 1114112K
  class space    used 2588K, committed 2752K, reserved 1048576K
GC Heap History (10 events):
Event: 4.480 GC heap before
{Heap before GC invocations=0 (full 0):
 garbage-first heap   total reserved 903168K, committed 57344K, used 7168K [0x00000000c8e00000, 0x0000000100000000)
  region size 1024K, 7 young (7168K), 0 survivors (0K)
 Metaspace       used 389K, committed 576K, reserved 1114112K
  class space    used 14K, committed 128K, reserved 1048576K
}
Event: 4.496 GC heap after
{Heap after GC invocations=1 (full 0):
 garbage-first heap   total reserved 903168K, committed 57344K, used 6416K [0x00000000c8e00000, 0x0000000100000000)
  region size 1024K, 1 young (1024K), 1 survivors (1024K)
 Metaspace       used 389K, committed 576K, reserved 1114112K
  class space    used 14K, committed 128K, reserved 1048576K
}
Event: 5.726 GC heap before
{Heap before GC invocations=1 (full 0):
 garbage-first heap   total reserved 903168K, committed 57344K, used 9488K [0x00000000c8e00000, 0x0000000100000000)
  region size 1024K, 5 young (5120K), 1 survivors (1024K)
 Metaspace       used 1818K, committed 2048K, reserved 1114112K
  class space    used 153K, committed 256K, reserved 1048576K
}
Event: 5.729 GC heap after
{Heap after GC invocations=2 (full 0):
 garbage-first heap   total reserved 903168K, committed 57344K, used 7904K [0x00000000c8e00000, 0x0000000100000000)
  region size 1024K, 1 young (1024K), 1 survivors (1024K)
 Metaspace       used 1818K, committed 2048K, reserved 1114112K
  class space    used 153K, committed 256K, reserved 1048576K
}
Event: 8.964 GC heap before
{Heap before GC invocations=2 (full 0):
 garbage-first heap   total reserved 903168K, committed 57344K, used 16096K [0x00000000c8e00000, 0x0000000100000000)
  region size 1024K, 10 young (10240K), 1 survivors (1024K)
 Metaspace       used 5161K, committed 5376K, reserved 1114112K
  class space    used 596K, committed 704K, reserved 1048576K
}
Event: 8.970 GC heap after
{Heap after GC invocations=3 (full 0):
 garbage-first heap   total reserved 903168K, committed 57344K, used 9098K [0x00000000c8e00000, 0x0000000100000000)
  region size 1024K, 2 young (2048K), 2 survivors (2048K)
 Metaspace       used 5161K, committed 5376K, reserved 1114112K
  class space    used 596K, committed 704K, reserved 1048576K
}
Event: 12.811 GC heap before
{Heap before GC invocations=3 (full 0):
 garbage-first heap   total reserved 903168K, committed 57344K, used 21386K [0x00000000c8e00000, 0x0000000100000000)
  region size 1024K, 15 young (15360K), 2 survivors (2048K)
 Metaspace       used 8196K, committed 8512K, reserved 1114112K
  class space    used 1000K, committed 1152K, reserved 1048576K
}
Event: 12.819 GC heap after
{Heap after GC invocations=4 (full 0):
 garbage-first heap   total reserved 903168K, committed 57344K, used 10415K [0x00000000c8e00000, 0x0000000100000000)
  region size 1024K, 2 young (2048K), 2 survivors (2048K)
 Metaspace       used 8196K, committed 8512K, reserved 1114112K
  class space    used 1000K, committed 1152K, reserved 1048576K
}
Event: 25.321 GC heap before
{Heap before GC invocations=4 (full 0):
 garbage-first heap   total reserved 903168K, committed 57344K, used 31919K [0x00000000c8e00000, 0x0000000100000000)
  region size 1024K, 24 young (24576K), 2 survivors (2048K)
 Metaspace       used 15059K, committed 15360K, reserved 1114112K
  class space    used 2039K, committed 2176K, reserved 1048576K
}
Event: 25.334 GC heap after
{Heap after GC invocations=5 (full 0):
 garbage-first heap   total reserved 903168K, committed 57344K, used 12269K [0x00000000c8e00000, 0x0000000100000000)
  region size 1024K, 3 young (3072K), 3 survivors (3072K)
 Metaspace       used 15059K, committed 15360K, reserved 1114112K
  class space    used 2039K, committed 2176K, reserved 1048576K
}

