# JRE version: OpenJDK Runtime Environment Temurin-17.0.16+8 (17.0.16+8) (build 17.0.16+8)
# Java VM: OpenJDK 64-Bit Server VM Temurin-17.0.16+8 (17.0.16+8, mixed mode, sharing, tiered, compressed oops, compressed class ptrs, g1 gc, windows-amd64)
GC Precious Log:
 CPUs: 2 total, 2 available
 Memory: 3526M
 Large Page Support: Disabled
 NUMA Support: Disabled
 Compressed Oops: Enabled (32-bit)
 Heap Region Size: 1M
 Heap Min Capacity: 512M
 Heap Initial Capacity: 512M
 Heap Max Capacity: 1G
 Pre-touch: Disabled
 Parallel Workers: 2
 Concurrent Workers: 1
 Concurrent Refinement Workers: 2
 Periodic GC: Disabled
Heap:
 garbage-first heap   total 524288K, used 114973K [0x00000000c0000000, 0x0000000100000000)
  region size 1024K, 62 young (63488K), 4 survivors (4096K)
 Metaspace       used 30997K, committed 31360K, reserved 1114112K
  class space    used 3473K, committed 3648K, reserved 1048576K
GC Heap History (18 events):
Event: 1.286 GC heap before
{Heap before GC invocations=0 (full 0):
 garbage-first heap   total 524288K, used 25600K [0x00000000c0000000, 0x0000000100000000)
  region size 1024K, 25 young (25600K), 0 survivors (0K)
 Metaspace       used 5396K, committed 5568K, reserved 1114112K
  class space    used 651K, committed 768K, reserved 1048576K
}
Event: 1.294 GC heap after
{Heap after GC invocations=1 (full 0):
 garbage-first heap   total 524288K, used 3792K [0x00000000c0000000, 0x0000000100000000)
  region size 1024K, 4 young (4096K), 4 survivors (4096K)
 Metaspace       used 5396K, committed 5568K, reserved 1114112K
  class space    used 651K, committed 768K, reserved 1048576K
}
Event: 2.166 GC heap before
{Heap before GC invocations=1 (full 0):
 garbage-first heap   total 524288K, used 25296K [0x00000000c0000000, 0x0000000100000000)
  region size 1024K, 25 young (25600K), 4 survivors (4096K)
 Metaspace       used 7469K, committed 7616K, reserved 1114112K
  class space    used 891K, committed 960K, reserved 1048576K
}
Event: 2.173 GC heap after
{Heap after GC invocations=2 (full 0):
 garbage-first heap   total 524288K, used 4680K [0x00000000c0000000, 0x0000000100000000)
  region size 1024K, 1 young (1024K), 1 survivors (1024K)
 Metaspace       used 7469K, committed 7616K, reserved 1114112K
  class space    used 891K, committed 960K, reserved 1048576K
}
Event: 4.195 GC heap before
{Heap before GC invocations=2 (full 0):
 garbage-first heap   total 524288K, used 31304K [0x00000000c0000000, 0x0000000100000000)
  region size 1024K, 27 young (27648K), 1 survivors (1024K)
 Metaspace       used 12329K, committed 12480K, reserved 1114112K
  class space    used 1529K, committed 1600K, reserved 1048576K
}
Event: 4.200 GC heap after
{Heap after GC invocations=3 (full 0):
 garbage-first heap   total 524288K, used 6682K [0x00000000c0000000, 0x0000000100000000)
  region size 1024K, 3 young (3072K), 3 survivors (3072K)
 Metaspace       used 12329K, committed 12480K, reserved 1114112K
  class space    used 1529K, committed 1600K, reserved 1048576K
}
Event: 7.332 GC heap before
{Heap before GC invocations=3 (full 0):
 garbage-first heap   total 524288K, used 49690K [0x00000000c0000000, 0x0000000100000000)
  region size 1024K, 45 young (46080K), 3 survivors (3072K)
 Metaspace       used 15498K, committed 15680K, reserved 1114112K
  class space    used 1851K, committed 1920K, reserved 1048576K
}
Event: 7.351 GC heap after
{Heap after GC invocations=4 (full 0):
 garbage-first heap   total 524288K, used 12288K [0x00000000c0000000, 0x0000000100000000)
  region size 1024K, 6 young (6144K), 6 survivors (6144K)
 Metaspace       used 15498K, committed 15680K, reserved 1114112K
  class space    used 1851K, committed 1920K, reserved 1048576K
}
Event: 8.637 GC heap before
{Heap before GC invocations=4 (full 0):
 garbage-first heap   total 524288K, used 46080K [0x00000000c0000000, 0x0000000100000000)
  region size 1024K, 39 young (39936K), 6 survivors (6144K)
 Metaspace       used 15886K, committed 16064K, reserved 1114112K
  class space    used 1854K, committed 1920K, reserved 1048576K
}
Event: 8.651 GC heap after
{Heap after GC invocations=5 (full 0):
 garbage-first heap   total 524288K, used 14531K [0x00000000c0000000, 0x0000000100000000)
  region size 1024K, 2 young (2048K), 2 survivors (2048K)
 Metaspace       used 15886K, committed 16064K, reserved 1114112K
  class space    used 1854K, committed 1920K, reserved 1048576K
}
Event: 16.869 GC heap before
{Heap before GC invocations=5 (full 0):
 garbage-first heap   total 524288K, used 113859K [0x00000000c0000000, 0x0000000100000000)
  region size 1024K, 64 young (65536K), 2 survivors (2048K)
 Metaspace       used 21213K, committed 21504K, reserved 1114112K
  class space    used 2475K, committed 2624K, reserved 1048576K
}
Event: 16.901 GC heap after
{Heap after GC invocations=6 (full 0):
 garbage-first heap   total 524288K, used 24623K [0x00000000c0000000, 0x0000000100000000)
  region size 1024K, 8 young (8192K), 8 survivors (8192K)
 Metaspace       used 21213K, committed 21504K, reserved 1114112K
  class space    used 2475K, committed 2624K, reserved 1048576K
}
Event: 31.618 GC heap before
{Heap before GC invocations=7 (full 0):
 garbage-first heap   total 524288K, used 181295K [0x00000000c0000000, 0x0000000100000000)
  region size 1024K, 159 young (162816K), 8 survivors (8192K)
 Metaspace       used 29224K, committed 29568K, reserved 1114112K
  class space    used 3274K, committed 3456K, reserved 1048576K
}
Event: 31.733 GC heap after
{Heap after GC invocations=8 (full 0):
 garbage-first heap   total 524288K, used 52089K [0x00000000c0000000, 0x0000000100000000)
  region size 1024K, 20 young (20480K), 20 survivors (20480K)
 Metaspace       used 29224K, committed 29568K, reserved 1114112K
  class space    used 3274K, committed 3456K, reserved 1048576K
}
Event: 32.595 GC heap before
{Heap before GC invocations=8 (full 0):
 garbage-first heap   total 524288K, used 57209K [0x00000000c0000000, 0x0000000100000000)
  region size 1024K, 25 young (25600K), 20 survivors (20480K)
 Metaspace       used 29248K, committed 29568K, reserved 1114112K
  class space    used 3274K, committed 3456K, reserved 1048576K
}
Event: 32.629 GC heap after
{Heap after GC invocations=9 (full 0):
 garbage-first heap   total 524288K, used 53760K [0x00000000c0000000, 0x0000000100000000)
  region size 1024K, 1 young (1024K), 1 survivors (1024K)
 Metaspace       used 29248K, committed 29568K, reserved 1114112K
  class space    used 3274K, committed 3456K, reserved 1048576K
}
Event: 37.306 GC heap before
{Heap before GC invocations=9 (full 0):
 garbage-first heap   total 524288K, used 169472K [0x00000000c0000000, 0x0000000100000000)
  region size 1024K, 114 young (116736K), 1 survivors (1024K)
 Metaspace       used 29521K, committed 29824K, reserved 1114112K
  class space    used 3281K, committed 3456K, reserved 1048576K
}
Event: 37.319 GC heap after
{Heap after GC invocations=10 (full 0):
 garbage-first heap   total 524288K, used 56605K [0x00000000c0000000, 0x0000000100000000)
  region size 1024K, 4 young (4096K), 4 survivors (4096K)
 Metaspace       used 29521K, committed 29824K, reserved 1114112K
  class space    used 3281K, committed 3456K, reserved 1048576K
}

