# JRE version: OpenJDK Runtime Environment Temurin-21.0.8+9 (21.0.8+9) (build 21.0.8+9-LTS)
# Java VM: OpenJDK 64-Bit Server VM Temurin-21.0.8+9 (21.0.8+9-LTS, mixed mode, sharing, tiered, compressed oops, compressed class ptrs, parallel gc, windows-amd64)
GC Precious Log:
 CardTable entry size: 512
 CPUs: 2 total, 2 available
 Memory: 3526M
 Large Page Support: Disabled
 NUMA Support: Disabled
 Compressed Oops: Enabled (32-bit)
 Alignments: Space 512K, Generation 512K, Heap 2M
 Heap Min Capacity: 100M
 Heap Initial Capacity: 100M
 Heap Max Capacity: 2G
 Pre-touch: Disabled
 Parallel Workers: 2
Heap:
 PSYoungGen      total 2560K, used 1886K [0x00000000d5580000, 0x00000000d5a00000, 0x0000000100000000)
  eden space 1536K, 87% used [0x00000000d5580000,0x00000000d56cf958,0x00000000d5700000)
  from space 1024K, 53% used [0x00000000d5700000,0x00000000d5788000,0x00000000d5800000)
  to   space 1024K, 0% used [0x00000000d5900000,0x00000000d5900000,0x00000000d5a00000)
 ParOldGen       total 615424K, used 614961K [0x0000000080000000, 0x00000000a5900000, 0x00000000d5580000)
  object space 615424K, 99% used [0x0000000080000000,0x00000000a588c560,0x00000000a5900000)
 Metaspace       used 70515K, committed 72192K, reserved 1114112K
  class space    used 7065K, committed 7872K, reserved 1048576K
GC Heap History (20 events):
Event: 215.862 GC heap before
{Heap before GC invocations=1401 (full 3):
 PSYoungGen      total 4608K, used 4176K [0x00000000d5580000, 0x00000000d5b00000, 0x0000000100000000)
  eden space 3584K, 100% used [0x00000000d5580000,0x00000000d5900000,0x00000000d5900000)
  from space 1024K, 57% used [0x00000000d5900000,0x00000000d5994010,0x00000000d5a00000)
  to   space 1024K, 0% used [0x00000000d5a00000,0x00000000d5a00000,0x00000000d5b00000)
 ParOldGen       total 608768K, used 608632K [0x0000000080000000, 0x00000000a5280000, 0x00000000d5580000)
  object space 608768K, 99% used [0x0000000080000000,0x00000000a525e268,0x00000000a5280000)
 Metaspace       used 70502K, committed 72192K, reserved 1114112K
  class space    used 7065K, committed 7872K, reserved 1048576K
}
Event: 215.867 GC heap after
{Heap after GC invocations=1401 (full 3):
 PSYoungGen      total 4096K, used 1008K [0x00000000d5580000, 0x00000000d5c00000, 0x0000000100000000)
  eden space 3072K, 0% used [0x00000000d5580000,0x00000000d5580000,0x00000000d5880000)
  from space 1024K, 98% used [0x00000000d5a00000,0x00000000d5afc010,0x00000000d5b00000)
  to   space 1536K, 0% used [0x00000000d5880000,0x00000000d5880000,0x00000000d5a00000)
 ParOldGen       total 609280K, used 609176K [0x0000000080000000, 0x00000000a5300000, 0x00000000d5580000)
  object space 609280K, 99% used [0x0000000080000000,0x00000000a52e6288,0x00000000a5300000)
 Metaspace       used 70502K, committed 72192K, reserved 1114112K
  class space    used 7065K, committed 7872K, reserved 1048576K
}
Event: 215.896 GC heap before
{Heap before GC invocations=1402 (full 3):
 PSYoungGen      total 4096K, used 4080K [0x00000000d5580000, 0x00000000d5c00000, 0x0000000100000000)
  eden space 3072K, 100% used [0x00000000d5580000,0x00000000d5880000,0x00000000d5880000)
  from space 1024K, 98% used [0x00000000d5a00000,0x00000000d5afc010,0x00000000d5b00000)
  to   space 1536K, 0% used [0x00000000d5880000,0x00000000d5880000,0x00000000d5a00000)
 ParOldGen       total 609280K, used 609176K [0x0000000080000000, 0x00000000a5300000, 0x00000000d5580000)
  object space 609280K, 99% used [0x0000000080000000,0x00000000a52e6288,0x00000000a5300000)
 Metaspace       used 70503K, committed 72192K, reserved 1114112K
  class space    used 7065K, committed 7872K, reserved 1048576K
}
Event: 215.901 GC heap after
{Heap after GC invocations=1402 (full 3):
 PSYoungGen      total 4608K, used 1376K [0x00000000d5580000, 0x00000000d5b80000, 0x0000000100000000)
  eden space 3072K, 0% used [0x00000000d5580000,0x00000000d5580000,0x00000000d5880000)
  from space 1536K, 89% used [0x00000000d5880000,0x00000000d59d8010,0x00000000d5a00000)
  to   space 1536K, 0% used [0x00000000d5a00000,0x00000000d5a00000,0x00000000d5b80000)
 ParOldGen       total 610304K, used 610141K [0x0000000080000000, 0x00000000a5400000, 0x00000000d5580000)
  object space 610304K, 99% used [0x0000000080000000,0x00000000a53d75d8,0x00000000a5400000)
 Metaspace       used 70503K, committed 72192K, reserved 1114112K
  class space    used 7065K, committed 7872K, reserved 1048576K
}
Event: 216.139 GC heap before
{Heap before GC invocations=1403 (full 3):
 PSYoungGen      total 4608K, used 4448K [0x00000000d5580000, 0x00000000d5b80000, 0x0000000100000000)
  eden space 3072K, 100% used [0x00000000d5580000,0x00000000d5880000,0x00000000d5880000)
  from space 1536K, 89% used [0x00000000d5880000,0x00000000d59d8010,0x00000000d5a00000)
  to   space 1536K, 0% used [0x00000000d5a00000,0x00000000d5a00000,0x00000000d5b80000)
 ParOldGen       total 610304K, used 610141K [0x0000000080000000, 0x00000000a5400000, 0x00000000d5580000)
  object space 610304K, 99% used [0x0000000080000000,0x00000000a53d75d8,0x00000000a5400000)
 Metaspace       used 70503K, committed 72192K, reserved 1114112K
  class space    used 7065K, committed 7872K, reserved 1048576K
}
Event: 216.143 GC heap after
{Heap after GC invocations=1403 (full 3):
 PSYoungGen      total 3584K, used 288K [0x00000000d5580000, 0x00000000d5a80000, 0x0000000100000000)
  eden space 3072K, 0% used [0x00000000d5580000,0x00000000d5580000,0x00000000d5880000)
  from space 512K, 56% used [0x00000000d5a00000,0x00000000d5a48000,0x00000000d5a80000)
  to   space 1024K, 0% used [0x00000000d5880000,0x00000000d5880000,0x00000000d5980000)
 ParOldGen       total 611840K, used 611501K [0x0000000080000000, 0x00000000a5580000, 0x00000000d5580000)
  object space 611840K, 99% used [0x0000000080000000,0x00000000a552b5e8,0x00000000a5580000)
 Metaspace       used 70503K, committed 72192K, reserved 1114112K
  class space    used 7065K, committed 7872K, reserved 1048576K
}
Event: 216.545 GC heap before
{Heap before GC invocations=1404 (full 3):
 PSYoungGen      total 3584K, used 3360K [0x00000000d5580000, 0x00000000d5a80000, 0x0000000100000000)
  eden space 3072K, 100% used [0x00000000d5580000,0x00000000d5880000,0x00000000d5880000)
  from space 512K, 56% used [0x00000000d5a00000,0x00000000d5a48000,0x00000000d5a80000)
  to   space 1024K, 0% used [0x00000000d5880000,0x00000000d5880000,0x00000000d5980000)
 ParOldGen       total 611840K, used 611501K [0x0000000080000000, 0x00000000a5580000, 0x00000000d5580000)
  object space 611840K, 99% used [0x0000000080000000,0x00000000a552b5e8,0x00000000a5580000)
 Metaspace       used 70505K, committed 72192K, reserved 1114112K
  class space    used 7065K, committed 7872K, reserved 1048576K
}
Event: 216.547 GC heap after
{Heap after GC invocations=1404 (full 3):
 PSYoungGen      total 4096K, used 224K [0x00000000d5580000, 0x00000000d5a80000, 0x0000000100000000)
  eden space 3072K, 0% used [0x00000000d5580000,0x00000000d5580000,0x00000000d5880000)
  from space 1024K, 21% used [0x00000000d5880000,0x00000000d58b8000,0x00000000d5980000)
  to   space 512K, 0% used [0x00000000d5a00000,0x00000000d5a00000,0x00000000d5a80000)
 ParOldGen       total 611840K, used 611773K [0x0000000080000000, 0x00000000a5580000, 0x00000000d5580000)
  object space 611840K, 99% used [0x0000000080000000,0x00000000a556f608,0x00000000a5580000)
 Metaspace       used 70505K, committed 72192K, reserved 1114112K
  class space    used 7065K, committed 7872K, reserved 1048576K
}
Event: 216.679 GC heap before
{Heap before GC invocations=1405 (full 3):
 PSYoungGen      total 4096K, used 3296K [0x00000000d5580000, 0x00000000d5a80000, 0x0000000100000000)
  eden space 3072K, 100% used [0x00000000d5580000,0x00000000d5880000,0x00000000d5880000)
  from space 1024K, 21% used [0x00000000d5880000,0x00000000d58b8000,0x00000000d5980000)
  to   space 512K, 0% used [0x00000000d5a00000,0x00000000d5a00000,0x00000000d5a80000)
 ParOldGen       total 611840K, used 611773K [0x0000000080000000, 0x00000000a5580000, 0x00000000d5580000)
  object space 611840K, 99% used [0x0000000080000000,0x00000000a556f608,0x00000000a5580000)
 Metaspace       used 70505K, committed 72192K, reserved 1114112K
  class space    used 7065K, committed 7872K, reserved 1048576K
}
Event: 216.682 GC heap after
{Heap after GC invocations=1405 (full 3):
 PSYoungGen      total 3584K, used 288K [0x00000000d5580000, 0x00000000d5a80000, 0x0000000100000000)
  eden space 3072K, 0% used [0x00000000d5580000,0x00000000d5580000,0x00000000d5880000)
  from space 512K, 56% used [0x00000000d5a00000,0x00000000d5a48000,0x00000000d5a80000)
  to   space 512K, 0% used [0x00000000d5980000,0x00000000d5980000,0x00000000d5a00000)
 ParOldGen       total 612352K, used 611989K [0x0000000080000000, 0x00000000a5600000, 0x00000000d5580000)
  object space 612352K, 99% used [0x0000000080000000,0x00000000a55a5648,0x00000000a5600000)
 Metaspace       used 70505K, committed 72192K, reserved 1114112K
  class space    used 7065K, committed 7872K, reserved 1048576K
}
Event: 216.818 GC heap before
{Heap before GC invocations=1406 (full 3):
 PSYoungGen      total 3584K, used 3360K [0x00000000d5580000, 0x00000000d5a80000, 0x0000000100000000)
  eden space 3072K, 100% used [0x00000000d5580000,0x00000000d5880000,0x00000000d5880000)
  from space 512K, 56% used [0x00000000d5a00000,0x00000000d5a48000,0x00000000d5a80000)
  to   space 512K, 0% used [0x00000000d5980000,0x00000000d5980000,0x00000000d5a00000)
 ParOldGen       total 612352K, used 611989K [0x0000000080000000, 0x00000000a5600000, 0x00000000d5580000)
  object space 612352K, 99% used [0x0000000080000000,0x00000000a55a5648,0x00000000a5600000)
 Metaspace       used 70507K, committed 72192K, reserved 1114112K
  class space    used 7065K, committed 7872K, reserved 1048576K
}
Event: 216.822 GC heap after
{Heap after GC invocations=1406 (full 3):
 PSYoungGen      total 3584K, used 304K [0x00000000d5580000, 0x00000000d5a80000, 0x0000000100000000)
  eden space 3072K, 0% used [0x00000000d5580000,0x00000000d5580000,0x00000000d5880000)
  from space 512K, 59% used [0x00000000d5980000,0x00000000d59cc010,0x00000000d5a00000)
  to   space 512K, 0% used [0x00000000d5a00000,0x00000000d5a00000,0x00000000d5a80000)
 ParOldGen       total 612352K, used 612237K [0x0000000080000000, 0x00000000a5600000, 0x00000000d5580000)
  object space 612352K, 99% used [0x0000000080000000,0x00000000a55e3688,0x00000000a5600000)
 Metaspace       used 70507K, committed 72192K, reserved 1114112K
  class space    used 7065K, committed 7872K, reserved 1048576K
}
Event: 216.892 GC heap before
{Heap before GC invocations=1407 (full 3):
 PSYoungGen      total 3584K, used 3376K [0x00000000d5580000, 0x00000000d5a80000, 0x0000000100000000)
  eden space 3072K, 100% used [0x00000000d5580000,0x00000000d5880000,0x00000000d5880000)
  from space 512K, 59% used [0x00000000d5980000,0x00000000d59cc010,0x00000000d5a00000)
  to   space 512K, 0% used [0x00000000d5a00000,0x00000000d5a00000,0x00000000d5a80000)
 ParOldGen       total 612352K, used 612237K [0x0000000080000000, 0x00000000a5600000, 0x00000000d5580000)
  object space 612352K, 99% used [0x0000000080000000,0x00000000a55e3688,0x00000000a5600000)
 Metaspace       used 70507K, committed 72192K, reserved 1114112K
  class space    used 7065K, committed 7872K, reserved 1048576K
}
Event: 216.895 GC heap after
{Heap after GC invocations=1407 (full 3):
 PSYoungGen      total 3584K, used 512K [0x00000000d5580000, 0x00000000d5a80000, 0x0000000100000000)
  eden space 3072K, 0% used [0x00000000d5580000,0x00000000d5580000,0x00000000d5880000)
  from space 512K, 100% used [0x00000000d5a00000,0x00000000d5a80000,0x00000000d5a80000)
  to   space 1024K, 0% used [0x00000000d5880000,0x00000000d5880000,0x00000000d5980000)
 ParOldGen       total 612864K, used 612565K [0x0000000080000000, 0x00000000a5680000, 0x00000000d5580000)
  object space 612864K, 99% used [0x0000000080000000,0x00000000a56356c8,0x00000000a5680000)
 Metaspace       used 70507K, committed 72192K, reserved 1114112K
  class space    used 7065K, committed 7872K, reserved 1048576K
}
Event: 216.936 GC heap before
{Heap before GC invocations=1408 (full 3):
 PSYoungGen      total 3584K, used 3584K [0x00000000d5580000, 0x00000000d5a80000, 0x0000000100000000)
  eden space 3072K, 100% used [0x00000000d5580000,0x00000000d5880000,0x00000000d5880000)
  from space 512K, 100% used [0x00000000d5a00000,0x00000000d5a80000,0x00000000d5a80000)
  to   space 1024K, 0% used [0x00000000d5880000,0x00000000d5880000,0x00000000d5980000)
 ParOldGen       total 612864K, used 612565K [0x0000000080000000, 0x00000000a5680000, 0x00000000d5580000)
  object space 612864K, 99% used [0x0000000080000000,0x00000000a56356c8,0x00000000a5680000)
 Metaspace       used 70510K, committed 72192K, reserved 1114112K
  class space    used 7065K, committed 7872K, reserved 1048576K
}
Event: 216.940 GC heap after
{Heap after GC invocations=1408 (full 3):
 PSYoungGen      total 4096K, used 672K [0x00000000d5580000, 0x00000000d5a80000, 0x0000000100000000)
  eden space 3072K, 0% used [0x00000000d5580000,0x00000000d5580000,0x00000000d5880000)
  from space 1024K, 65% used [0x00000000d5880000,0x00000000d5928000,0x00000000d5980000)
  to   space 1024K, 0% used [0x00000000d5980000,0x00000000d5980000,0x00000000d5a80000)
 ParOldGen       total 613376K, used 613085K [0x0000000080000000, 0x00000000a5700000, 0x00000000d5580000)
  object space 613376K, 99% used [0x0000000080000000,0x00000000a56b76d8,0x00000000a5700000)
 Metaspace       used 70510K, committed 72192K, reserved 1114112K
  class space    used 7065K, committed 7872K, reserved 1048576K
}
Event: 216.956 GC heap before
{Heap before GC invocations=1409 (full 3):
 PSYoungGen      total 4096K, used 3744K [0x00000000d5580000, 0x00000000d5a80000, 0x0000000100000000)
  eden space 3072K, 100% used [0x00000000d5580000,0x00000000d5880000,0x00000000d5880000)
  from space 1024K, 65% used [0x00000000d5880000,0x00000000d5928000,0x00000000d5980000)
  to   space 1024K, 0% used [0x00000000d5980000,0x00000000d5980000,0x00000000d5a80000)
 ParOldGen       total 613376K, used 613085K [0x0000000080000000, 0x00000000a5700000, 0x00000000d5580000)
  object space 613376K, 99% used [0x0000000080000000,0x00000000a56b76d8,0x00000000a5700000)
 Metaspace       used 70510K, committed 72192K, reserved 1114112K
  class space    used 7065K, committed 7872K, reserved 1048576K
}
Event: 216.960 GC heap after
{Heap after GC invocations=1409 (full 3):
 PSYoungGen      total 2560K, used 992K [0x00000000d5580000, 0x00000000d5d80000, 0x0000000100000000)
  eden space 1536K, 0% used [0x00000000d5580000,0x00000000d5580000,0x00000000d5700000)
  from space 1024K, 96% used [0x00000000d5980000,0x00000000d5a78010,0x00000000d5a80000)
  to   space 2560K, 0% used [0x00000000d5700000,0x00000000d5700000,0x00000000d5980000)
 ParOldGen       total 614400K, used 613961K [0x0000000080000000, 0x00000000a5800000, 0x00000000d5580000)
  object space 614400K, 99% used [0x0000000080000000,0x00000000a5792550,0x00000000a5800000)
 Metaspace       used 70510K, committed 72192K, reserved 1114112K
  class space    used 7065K, committed 7872K, reserved 1048576K
}
Event: 217.065 GC heap before
{Heap before GC invocations=1410 (full 3):
 PSYoungGen      total 2560K, used 2528K [0x00000000d5580000, 0x00000000d5d80000, 0x0000000100000000)
  eden space 1536K, 100% used [0x00000000d5580000,0x00000000d5700000,0x00000000d5700000)
  from space 1024K, 96% used [0x00000000d5980000,0x00000000d5a78010,0x00000000d5a80000)
  to   space 2560K, 0% used [0x00000000d5700000,0x00000000d5700000,0x00000000d5980000)
 ParOldGen       total 614400K, used 613961K [0x0000000080000000, 0x00000000a5800000, 0x00000000d5580000)
  object space 614400K, 99% used [0x0000000080000000,0x00000000a5792550,0x00000000a5800000)
 Metaspace       used 70515K, committed 72192K, reserved 1114112K
  class space    used 7065K, committed 7872K, reserved 1048576K
}
Event: 217.106 GC heap after
{Heap after GC invocations=1410 (full 3):
 PSYoungGen      total 2560K, used 544K [0x00000000d5580000, 0x00000000d5a00000, 0x0000000100000000)
  eden space 1536K, 0% used [0x00000000d5580000,0x00000000d5580000,0x00000000d5700000)
  from space 1024K, 53% used [0x00000000d5700000,0x00000000d5788000,0x00000000d5800000)
  to   space 1024K, 0% used [0x00000000d5900000,0x00000000d5900000,0x00000000d5a00000)
 ParOldGen       total 615424K, used 614961K [0x0000000080000000, 0x00000000a5900000, 0x00000000d5580000)
  object space 615424K, 99% used [0x0000000080000000,0x00000000a588c560,0x00000000a5900000)
 Metaspace       used 70515K, committed 72192K, reserved 1114112K
  class space    used 7065K, committed 7872K, reserved 1048576K
}

